 tree     1	     2	     3	     4	     5	     6	     7	     8	     9	    10	    11	    12	    13	    14	    15	    16	    17	    18	    19	 
    1	     0	 
    2	     0	 0.223333	 
    3	     0	     0	     0	 
    4	     0	  0.12	     0	 0.232727	 
    5	     0	     0	     0	     0	     0	 
    6	     0	 0.203333	     0	 0.141818	     0	 0.240303	 
    7	     0	 -0.12	     0	 -0.232727	     0	 -0.141818	 0.232727	 
    8	     0	     0	     0	     0	     0	     0	     0	     0	 
    9	     0	     0	     0	     0	     0	     0	     0	     0	     0	 
   10	     0	 -0.223333	     0	 -0.12	     0	 -0.203333	  0.12	     0	     0	 0.223333	 
   11	     0	 0.0866667	     0	 0.168081	     0	 0.102424	 -0.168081	     0	     0	 -0.0866667	 0.194343	 
   12	     0	     0	     0	     0	     0	     0	     0	     0	     0	     0	     0	     0	 
   13	     0	 -0.21	     0	 -0.134545	     0	 -0.22798	 0.134545	     0	     0	  0.21	 -0.0971717	     0	 0.235455	 
   14	     0	     0	     0	     0	     0	     0	     0	     0	     0	     0	     0	     0	     0	     0	 
   15	     0	 -0.0866667	     0	 -0.168081	     0	 -0.102424	 0.168081	     0	     0	 0.0866667	 -0.194343	     0	 0.0971717	     0	 0.194343	 
   16	     0	 0.00666667	     0	 -0.00727273	     0	 -0.0123232	 0.00727273	     0	     0	 -0.00666667	 -0.00525253	     0	 -0.00747475	     0	 0.00525253	 0.019798	 
   17	     0	 -0.21	     0	 -0.134545	     0	 -0.22798	 0.134545	     0	     0	  0.21	 -0.0971717	     0	 0.235455	     0	 0.0971717	 -0.00747475	 0.235455	 
   18	     0	  0.21	     0	 0.134545	     0	 0.22798	 -0.134545	     0	     0	 -0.21	 0.0971717	     0	 -0.235455	     0	 -0.0971717	 0.00747475	 -0.235455	 0.235455	 
   19	     0	     0	     0	     0	     0	     0	     0	     0	     0	     0	     0	     0	     0	     0	     0	     0	     0	     0	     0	 
